<?xml version="1.0" encoding="UTF-8"?>
<!-- Generated by org.testng.reporters.JUnitXMLReporter -->
<testsuite hostname="Afsanas-MacBook-Pro.local" ignored="4" name="Test" tests="2" failures="0" timestamp="2020-08-28T18:26:18 EDT" time="3.516" errors="0">
  <testcase name="@BeforeMethod beforeEachTestMethod" time="1.988" classname="Base.config">
    <failure type="org.openqa.selenium.SessionNotCreatedException" message="session not created: This version of ChromeDriver only supports Chrome version 83
Build info: version: &amp;apos;3.141.59&amp;apos;, revision: &amp;apos;e82be7d358&amp;apos;, time: &amp;apos;2018-11-14T08:25:48&amp;apos;
System info: host: &amp;apos;Afsanas-MacBook-Pro.local&amp;apos;, ip: &amp;apos;2601:48:c504:fd0:ccbf:2c2d:d927:ccb7%en0&amp;apos;, os.name: &amp;apos;Mac OS X&amp;apos;, os.arch: &amp;apos;x86_64&amp;apos;, os.version: &amp;apos;10.15.6&amp;apos;, java.version: &amp;apos;1.8.0_241&amp;apos;
Driver info: driver.version: ChromeDriver
remote stacktrace: 0   chromedriver                        0x00000001044cfe99 chromedriver + 4808345
1   chromedriver                        0x000000010446a5f3 chromedriver + 4392435
2   chromedriver                        0x00000001040f629d chromedriver + 770717
3   chromedriver                        0x0000000104053689 chromedriver + 104073
4   chromedriver                        0x000000010404f940 chromedriver + 88384
5   chromedriver                        0x000000010404cc99 chromedriver + 76953
6   chromedriver                        0x000000010407efa3 chromedriver + 282531
7   chromedriver                        0x000000010407bda3 chromedriver + 269731
8   chromedriver                        0x00000001040558dd chromedriver + 112861
9   chromedriver                        0x0000000104056875 chromedriver + 116853
10  chromedriver                        0x000000010449247f chromedriver + 4555903
11  chromedriver                        0x000000010449f77a chromedriver + 4609914
12  chromedriver                        0x000000010449f509 chromedriver + 4609289
13  chromedriver                        0x0000000104476319 chromedriver + 4440857
14  chromedriver                        0x000000010449fd03 chromedriver + 4611331
15  chromedriver                        0x0000000104488083 chromedriver + 4513923
16  chromedriver                        0x00000001044b6454 chromedriver + 4703316
17  chromedriver                        0x00000001044d5f57 chromedriver + 4833111
18  libsystem_pthread.dylib             0x00007fff69a00109 _pthread_start + 148
19  libsystem_pthread.dylib             0x00007fff699fbb8b thread_start + 15
">
      <![CDATA[org.openqa.selenium.SessionNotCreatedException: session not created: This version of ChromeDriver only supports Chrome version 83
Build info: version: '3.141.59', revision: 'e82be7d358', time: '2018-11-14T08:25:48'
System info: host: 'Afsanas-MacBook-Pro.local', ip: '2601:48:c504:fd0:ccbf:2c2d:d927:ccb7%en0', os.name: 'Mac OS X', os.arch: 'x86_64', os.version: '10.15.6', java.version: '1.8.0_241'
Driver info: driver.version: ChromeDriver
remote stacktrace: 0   chromedriver                        0x00000001044cfe99 chromedriver + 4808345
1   chromedriver                        0x000000010446a5f3 chromedriver + 4392435
2   chromedriver                        0x00000001040f629d chromedriver + 770717
3   chromedriver                        0x0000000104053689 chromedriver + 104073
4   chromedriver                        0x000000010404f940 chromedriver + 88384
5   chromedriver                        0x000000010404cc99 chromedriver + 76953
6   chromedriver                        0x000000010407efa3 chromedriver + 282531
7   chromedriver                        0x000000010407bda3 chromedriver + 269731
8   chromedriver                        0x00000001040558dd chromedriver + 112861
9   chromedriver                        0x0000000104056875 chromedriver + 116853
10  chromedriver                        0x000000010449247f chromedriver + 4555903
11  chromedriver                        0x000000010449f77a chromedriver + 4609914
12  chromedriver                        0x000000010449f509 chromedriver + 4609289
13  chromedriver                        0x0000000104476319 chromedriver + 4440857
14  chromedriver                        0x000000010449fd03 chromedriver + 4611331
15  chromedriver                        0x0000000104488083 chromedriver + 4513923
16  chromedriver                        0x00000001044b6454 chromedriver + 4703316
17  chromedriver                        0x00000001044d5f57 chromedriver + 4833111
18  libsystem_pthread.dylib             0x00007fff69a00109 _pthread_start + 148
19  libsystem_pthread.dylib             0x00007fff699fbb8b thread_start + 15

at org.openqa.selenium.remote.W3CHandshakeResponse.lambda$errorHandler$0(W3CHandshakeResponse.java:62)
at org.openqa.selenium.remote.HandshakeResponse.lambda$getResponseFunction$0(HandshakeResponse.java:30)
at org.openqa.selenium.remote.ProtocolHandshake.lambda$createSession$0(ProtocolHandshake.java:126)
at java.util.stream.ReferencePipeline$3$1.accept(ReferencePipeline.java:193)
at java.util.Spliterators$ArraySpliterator.tryAdvance(Spliterators.java:958)
at java.util.stream.ReferencePipeline.forEachWithCancel(ReferencePipeline.java:126)
at java.util.stream.AbstractPipeline.copyIntoWithCancel(AbstractPipeline.java:499)
at java.util.stream.AbstractPipeline.copyInto(AbstractPipeline.java:486)
at java.util.stream.AbstractPipeline.wrapAndCopyInto(AbstractPipeline.java:472)
at java.util.stream.FindOps$FindOp.evaluateSequential(FindOps.java:152)
at java.util.stream.AbstractPipeline.evaluate(AbstractPipeline.java:234)
at java.util.stream.ReferencePipeline.findFirst(ReferencePipeline.java:464)
at org.openqa.selenium.remote.ProtocolHandshake.createSession(ProtocolHandshake.java:128)
at org.openqa.selenium.remote.ProtocolHandshake.createSession(ProtocolHandshake.java:74)
at org.openqa.selenium.remote.HttpCommandExecutor.execute(HttpCommandExecutor.java:136)
at org.openqa.selenium.remote.service.DriverCommandExecutor.execute(DriverCommandExecutor.java:83)
at org.openqa.selenium.remote.RemoteWebDriver.execute(RemoteWebDriver.java:552)
at org.openqa.selenium.remote.RemoteWebDriver.startSession(RemoteWebDriver.java:213)
at org.openqa.selenium.remote.RemoteWebDriver.<init>(RemoteWebDriver.java:131)
at org.openqa.selenium.chrome.ChromeDriver.<init>(ChromeDriver.java:181)
at org.openqa.selenium.chrome.ChromeDriver.<init>(ChromeDriver.java:168)
at org.openqa.selenium.chrome.ChromeDriver.<init>(ChromeDriver.java:123)
at Base.config.beforeEachTestMethod(config.java:24)
at java.util.ArrayList.forEach(ArrayList.java:1257)
... Removed 35 stack frames]]>
    </failure>
  </testcase> <!-- @BeforeMethod beforeEachTestMethod -->
  <testcase name="@AfterMethod afterEachTestMethod" time="-1.598653577275E9" classname="Base.config">
    <skipped/>
  </testcase> <!-- @AfterMethod afterEachTestMethod -->
  <testcase name="@BeforeMethod beforeEachTestMethod" time="1.49" classname="Base.config">
    <failure type="org.openqa.selenium.SessionNotCreatedException" message="session not created: This version of ChromeDriver only supports Chrome version 83
Build info: version: &amp;apos;3.141.59&amp;apos;, revision: &amp;apos;e82be7d358&amp;apos;, time: &amp;apos;2018-11-14T08:25:48&amp;apos;
System info: host: &amp;apos;Afsanas-MacBook-Pro.local&amp;apos;, ip: &amp;apos;2601:48:c504:fd0:ccbf:2c2d:d927:ccb7%en0&amp;apos;, os.name: &amp;apos;Mac OS X&amp;apos;, os.arch: &amp;apos;x86_64&amp;apos;, os.version: &amp;apos;10.15.6&amp;apos;, java.version: &amp;apos;1.8.0_241&amp;apos;
Driver info: driver.version: ChromeDriver
remote stacktrace: 0   chromedriver                        0x00000001056a4e99 chromedriver + 4808345
1   chromedriver                        0x000000010563f5f3 chromedriver + 4392435
2   chromedriver                        0x00000001052cb29d chromedriver + 770717
3   chromedriver                        0x0000000105228689 chromedriver + 104073
4   chromedriver                        0x0000000105224940 chromedriver + 88384
5   chromedriver                        0x0000000105221c99 chromedriver + 76953
6   chromedriver                        0x0000000105253fa3 chromedriver + 282531
7   chromedriver                        0x0000000105250da3 chromedriver + 269731
8   chromedriver                        0x000000010522a8dd chromedriver + 112861
9   chromedriver                        0x000000010522b875 chromedriver + 116853
10  chromedriver                        0x000000010566747f chromedriver + 4555903
11  chromedriver                        0x000000010567477a chromedriver + 4609914
12  chromedriver                        0x0000000105674509 chromedriver + 4609289
13  chromedriver                        0x000000010564b319 chromedriver + 4440857
14  chromedriver                        0x0000000105674d03 chromedriver + 4611331
15  chromedriver                        0x000000010565d083 chromedriver + 4513923
16  chromedriver                        0x000000010568b454 chromedriver + 4703316
17  chromedriver                        0x00000001056aaf57 chromedriver + 4833111
18  libsystem_pthread.dylib             0x00007fff69a00109 _pthread_start + 148
19  libsystem_pthread.dylib             0x00007fff699fbb8b thread_start + 15
">
      <![CDATA[org.openqa.selenium.SessionNotCreatedException: session not created: This version of ChromeDriver only supports Chrome version 83
Build info: version: '3.141.59', revision: 'e82be7d358', time: '2018-11-14T08:25:48'
System info: host: 'Afsanas-MacBook-Pro.local', ip: '2601:48:c504:fd0:ccbf:2c2d:d927:ccb7%en0', os.name: 'Mac OS X', os.arch: 'x86_64', os.version: '10.15.6', java.version: '1.8.0_241'
Driver info: driver.version: ChromeDriver
remote stacktrace: 0   chromedriver                        0x00000001056a4e99 chromedriver + 4808345
1   chromedriver                        0x000000010563f5f3 chromedriver + 4392435
2   chromedriver                        0x00000001052cb29d chromedriver + 770717
3   chromedriver                        0x0000000105228689 chromedriver + 104073
4   chromedriver                        0x0000000105224940 chromedriver + 88384
5   chromedriver                        0x0000000105221c99 chromedriver + 76953
6   chromedriver                        0x0000000105253fa3 chromedriver + 282531
7   chromedriver                        0x0000000105250da3 chromedriver + 269731
8   chromedriver                        0x000000010522a8dd chromedriver + 112861
9   chromedriver                        0x000000010522b875 chromedriver + 116853
10  chromedriver                        0x000000010566747f chromedriver + 4555903
11  chromedriver                        0x000000010567477a chromedriver + 4609914
12  chromedriver                        0x0000000105674509 chromedriver + 4609289
13  chromedriver                        0x000000010564b319 chromedriver + 4440857
14  chromedriver                        0x0000000105674d03 chromedriver + 4611331
15  chromedriver                        0x000000010565d083 chromedriver + 4513923
16  chromedriver                        0x000000010568b454 chromedriver + 4703316
17  chromedriver                        0x00000001056aaf57 chromedriver + 4833111
18  libsystem_pthread.dylib             0x00007fff69a00109 _pthread_start + 148
19  libsystem_pthread.dylib             0x00007fff699fbb8b thread_start + 15

at org.openqa.selenium.remote.W3CHandshakeResponse.lambda$errorHandler$0(W3CHandshakeResponse.java:62)
at org.openqa.selenium.remote.HandshakeResponse.lambda$getResponseFunction$0(HandshakeResponse.java:30)
at org.openqa.selenium.remote.ProtocolHandshake.lambda$createSession$0(ProtocolHandshake.java:126)
at java.util.stream.ReferencePipeline$3$1.accept(ReferencePipeline.java:193)
at java.util.Spliterators$ArraySpliterator.tryAdvance(Spliterators.java:958)
at java.util.stream.ReferencePipeline.forEachWithCancel(ReferencePipeline.java:126)
at java.util.stream.AbstractPipeline.copyIntoWithCancel(AbstractPipeline.java:499)
at java.util.stream.AbstractPipeline.copyInto(AbstractPipeline.java:486)
at java.util.stream.AbstractPipeline.wrapAndCopyInto(AbstractPipeline.java:472)
at java.util.stream.FindOps$FindOp.evaluateSequential(FindOps.java:152)
at java.util.stream.AbstractPipeline.evaluate(AbstractPipeline.java:234)
at java.util.stream.ReferencePipeline.findFirst(ReferencePipeline.java:464)
at org.openqa.selenium.remote.ProtocolHandshake.createSession(ProtocolHandshake.java:128)
at org.openqa.selenium.remote.ProtocolHandshake.createSession(ProtocolHandshake.java:74)
at org.openqa.selenium.remote.HttpCommandExecutor.execute(HttpCommandExecutor.java:136)
at org.openqa.selenium.remote.service.DriverCommandExecutor.execute(DriverCommandExecutor.java:83)
at org.openqa.selenium.remote.RemoteWebDriver.execute(RemoteWebDriver.java:552)
at org.openqa.selenium.remote.RemoteWebDriver.startSession(RemoteWebDriver.java:213)
at org.openqa.selenium.remote.RemoteWebDriver.<init>(RemoteWebDriver.java:131)
at org.openqa.selenium.chrome.ChromeDriver.<init>(ChromeDriver.java:181)
at org.openqa.selenium.chrome.ChromeDriver.<init>(ChromeDriver.java:168)
at org.openqa.selenium.chrome.ChromeDriver.<init>(ChromeDriver.java:123)
at Base.config.beforeEachTestMethod(config.java:24)
at java.util.ArrayList.forEach(ArrayList.java:1257)
... Removed 35 stack frames]]>
    </failure>
  </testcase> <!-- @BeforeMethod beforeEachTestMethod -->
  <testcase name="@AfterMethod afterEachTestMethod" time="-1.598653578772E9" classname="Base.config">
    <skipped/>
  </testcase> <!-- @AfterMethod afterEachTestMethod -->
  <testcase name="loginWithValidCredentialUsingEmailTest" time="0.0" classname="test_signin.sign_in_with_valid_credential">
    <skipped/>
  </testcase> <!-- loginWithValidCredentialUsingEmailTest -->
  <testcase name="loginWithInValidCredentialUsingEmailTest" time="0.0" classname="test_signin.sign_in_with_invalid_credential">
    <skipped/>
  </testcase> <!-- loginWithInValidCredentialUsingEmailTest -->
  <testcase name="@BeforeSuite startTestSuite" time="0.0" classname="Base.config">
    <ignored/>
  </testcase> <!-- @BeforeSuite startTestSuite -->
  <testcase name="@BeforeSuite startTestSuite" time="0.0" classname="Base.config">
    <ignored/>
  </testcase> <!-- @BeforeSuite startTestSuite -->
  <testcase name="@AfterSuite tearDown" time="0.0" classname="Base.config">
    <ignored/>
  </testcase> <!-- @AfterSuite tearDown -->
  <testcase name="@AfterSuite tearDown" time="0.0" classname="Base.config">
    <ignored/>
  </testcase> <!-- @AfterSuite tearDown -->
</testsuite> <!-- Test -->
